[INFO]-[2020/06/24 05:18:36] Cloning: belhairs-staging's clone job's data is not in database, generating data
[INFO]-[2020/06/24 05:18:36] Cloning: belhairs-staging's clone job's data is not in database, generating data
[INFO]-[2020/06/24 05:18:36] DB Copy: Creating table wpstg0_actionscheduler_actions
[INFO]-[2020/06/24 05:18:36] DB Copy: wp_actionscheduler_actions as wpstg0_actionscheduler_actions from 0 to 10000 records
[INFO]-[2020/06/24 05:18:36] DB Copy: Creating table wpstg0_actionscheduler_actions
[INFO]-[2020/06/24 05:18:36] DB Copy: wp_actionscheduler_actions as wpstg0_actionscheduler_actions from 0 to 10000 records
[INFO]-[2020/06/24 05:18:37] DB Copy: Creating table wpstg0_actionscheduler_claims
[INFO]-[2020/06/24 05:18:37] DB Copy: Creating table wpstg0_actionscheduler_claims
[INFO]-[2020/06/24 05:18:37] DB Copy: Creating table wpstg0_actionscheduler_groups
[INFO]-[2020/06/24 05:18:37] DB Copy: wp_actionscheduler_groups as wpstg0_actionscheduler_groups from 0 to 10000 records
[INFO]-[2020/06/24 05:18:37] DB Copy: Creating table wpstg0_actionscheduler_groups
[INFO]-[2020/06/24 05:18:37] DB Copy: wp_actionscheduler_groups as wpstg0_actionscheduler_groups from 0 to 10000 records
[INFO]-[2020/06/24 05:18:38] DB Copy: Creating table wpstg0_actionscheduler_logs
[INFO]-[2020/06/24 05:18:38] DB Copy: wp_actionscheduler_logs as wpstg0_actionscheduler_logs from 0 to 10000 records
[INFO]-[2020/06/24 05:18:38] DB Copy: Creating table wpstg0_actionscheduler_logs
[INFO]-[2020/06/24 05:18:38] DB Copy: wp_actionscheduler_logs as wpstg0_actionscheduler_logs from 0 to 10000 records
[INFO]-[2020/06/24 05:18:38] DB Copy: Creating table wpstg0_adtribes_my_conversions
[INFO]-[2020/06/24 05:18:38] DB Copy: Creating table wpstg0_adtribes_my_conversions
[INFO]-[2020/06/24 05:18:39] DB Copy: Creating table wpstg0_aws_index
[INFO]-[2020/06/24 05:18:39] DB Copy: wp_aws_index as wpstg0_aws_index from 0 to 10000 records
[INFO]-[2020/06/24 05:18:39] DB Copy: Creating table wpstg0_aws_index
[INFO]-[2020/06/24 05:18:39] DB Copy: wp_aws_index as wpstg0_aws_index from 0 to 10000 records
[INFO]-[2020/06/24 05:18:39] DB Copy: Creating table wpstg0_commentmeta
[INFO]-[2020/06/24 05:18:39] DB Copy: Creating table wpstg0_commentmeta
[INFO]-[2020/06/24 05:18:39] DB Copy: Creating table wpstg0_comments
[INFO]-[2020/06/24 05:18:39] DB Copy: wp_comments as wpstg0_comments from 0 to 10000 records
[INFO]-[2020/06/24 05:18:39] DB Copy: Creating table wpstg0_comments
[INFO]-[2020/06/24 05:18:39] DB Copy: wp_comments as wpstg0_comments from 0 to 10000 records
[INFO]-[2020/06/24 05:18:40] DB Copy: Creating table wpstg0_links
[INFO]-[2020/06/24 05:18:40] DB Copy: Creating table wpstg0_links
[INFO]-[2020/06/24 05:18:40] DB Copy: Creating table wpstg0_options
[INFO]-[2020/06/24 05:18:40] DB Copy: wp_options as wpstg0_options from 0 to 10000 records
[INFO]-[2020/06/24 05:18:40] DB Copy: Creating table wpstg0_options
[INFO]-[2020/06/24 05:18:40] DB Copy: wp_options as wpstg0_options from 0 to 10000 records
[INFO]-[2020/06/24 05:18:41] DB Copy: Creating table wpstg0_postmeta
[INFO]-[2020/06/24 05:18:41] DB Copy: wp_postmeta as wpstg0_postmeta from 0 to 10000 records
[INFO]-[2020/06/24 05:18:41] DB Copy: Creating table wpstg0_postmeta
[INFO]-[2020/06/24 05:18:41] DB Copy: wp_postmeta as wpstg0_postmeta from 0 to 10000 records
[INFO]-[2020/06/24 05:18:41] DB Copy: Creating table wpstg0_posts
[INFO]-[2020/06/24 05:18:41] DB Copy: wp_posts as wpstg0_posts from 0 to 10000 records
[INFO]-[2020/06/24 05:18:41] DB Copy: Creating table wpstg0_posts
[INFO]-[2020/06/24 05:18:41] DB Copy: wp_posts as wpstg0_posts from 0 to 10000 records
[INFO]-[2020/06/24 05:18:41] DB Copy: Creating table wpstg0_responsive_menu
[INFO]-[2020/06/24 05:18:41] DB Copy: wp_responsive_menu as wpstg0_responsive_menu from 0 to 10000 records
[INFO]-[2020/06/24 05:18:41] DB Copy: Creating table wpstg0_responsive_menu
[INFO]-[2020/06/24 05:18:41] DB Copy: wp_responsive_menu as wpstg0_responsive_menu from 0 to 10000 records
[INFO]-[2020/06/24 05:18:42] DB Copy: Creating table wpstg0_term_relationships
[INFO]-[2020/06/24 05:18:42] DB Copy: wp_term_relationships as wpstg0_term_relationships from 0 to 10000 records
[INFO]-[2020/06/24 05:18:42] DB Copy: Creating table wpstg0_term_relationships
[INFO]-[2020/06/24 05:18:42] DB Copy: wp_term_relationships as wpstg0_term_relationships from 0 to 10000 records
[INFO]-[2020/06/24 05:18:42] DB Copy: Creating table wpstg0_term_taxonomy
[INFO]-[2020/06/24 05:18:42] DB Copy: wp_term_taxonomy as wpstg0_term_taxonomy from 0 to 10000 records
[INFO]-[2020/06/24 05:18:42] DB Copy: Creating table wpstg0_term_taxonomy
[INFO]-[2020/06/24 05:18:42] DB Copy: wp_term_taxonomy as wpstg0_term_taxonomy from 0 to 10000 records
[INFO]-[2020/06/24 05:18:43] DB Copy: Creating table wpstg0_termmeta
[INFO]-[2020/06/24 05:18:43] DB Copy: wp_termmeta as wpstg0_termmeta from 0 to 10000 records
[INFO]-[2020/06/24 05:18:43] DB Copy: Creating table wpstg0_termmeta
[INFO]-[2020/06/24 05:18:43] DB Copy: wp_termmeta as wpstg0_termmeta from 0 to 10000 records
[INFO]-[2020/06/24 05:18:43] DB Copy: Creating table wpstg0_terms
[INFO]-[2020/06/24 05:18:43] DB Copy: wp_terms as wpstg0_terms from 0 to 10000 records
[INFO]-[2020/06/24 05:18:43] DB Copy: Creating table wpstg0_terms
[INFO]-[2020/06/24 05:18:43] DB Copy: wp_terms as wpstg0_terms from 0 to 10000 records
[INFO]-[2020/06/24 05:18:44] DB Copy: Creating table wpstg0_tm_taskmeta
[INFO]-[2020/06/24 05:18:44] DB Copy: Creating table wpstg0_tm_taskmeta
[INFO]-[2020/06/24 05:18:44] DB Copy: Creating table wpstg0_tm_tasks
[INFO]-[2020/06/24 05:18:44] DB Copy: Creating table wpstg0_tm_tasks
[INFO]-[2020/06/24 05:18:44] DB Copy: Creating table wpstg0_usermeta
[INFO]-[2020/06/24 05:18:44] DB Copy: wp_usermeta as wpstg0_usermeta from 0 to 10000 records
[INFO]-[2020/06/24 05:18:44] DB Copy: Creating table wpstg0_usermeta
[INFO]-[2020/06/24 05:18:44] DB Copy: wp_usermeta as wpstg0_usermeta from 0 to 10000 records
[INFO]-[2020/06/24 05:18:45] DB Copy: Creating table wpstg0_users
[INFO]-[2020/06/24 05:18:45] DB Copy: wp_users as wpstg0_users from 0 to 10000 records
[INFO]-[2020/06/24 05:18:45] DB Copy: Creating table wpstg0_users
[INFO]-[2020/06/24 05:18:45] DB Copy: wp_users as wpstg0_users from 0 to 10000 records
[INFO]-[2020/06/24 05:18:45] DB Copy: Creating table wpstg0_wc_admin_note_actions
[INFO]-[2020/06/24 05:18:45] DB Copy: wp_wc_admin_note_actions as wpstg0_wc_admin_note_actions from 0 to 10000 records
[INFO]-[2020/06/24 05:18:45] DB Copy: Creating table wpstg0_wc_admin_note_actions
[INFO]-[2020/06/24 05:18:45] DB Copy: wp_wc_admin_note_actions as wpstg0_wc_admin_note_actions from 0 to 10000 records
[INFO]-[2020/06/24 05:18:46] DB Copy: Creating table wpstg0_wc_admin_notes
[INFO]-[2020/06/24 05:18:46] DB Copy: wp_wc_admin_notes as wpstg0_wc_admin_notes from 0 to 10000 records
[INFO]-[2020/06/24 05:18:46] DB Copy: Creating table wpstg0_wc_admin_notes
[INFO]-[2020/06/24 05:18:46] DB Copy: wp_wc_admin_notes as wpstg0_wc_admin_notes from 0 to 10000 records
[INFO]-[2020/06/24 05:18:46] DB Copy: Creating table wpstg0_wc_category_lookup
[INFO]-[2020/06/24 05:18:46] DB Copy: wp_wc_category_lookup as wpstg0_wc_category_lookup from 0 to 10000 records
[INFO]-[2020/06/24 05:18:46] DB Copy: Creating table wpstg0_wc_category_lookup
[INFO]-[2020/06/24 05:18:46] DB Copy: wp_wc_category_lookup as wpstg0_wc_category_lookup from 0 to 10000 records
[INFO]-[2020/06/24 05:18:46] DB Copy: Creating table wpstg0_wc_customer_lookup
[INFO]-[2020/06/24 05:18:46] DB Copy: Creating table wpstg0_wc_customer_lookup
[INFO]-[2020/06/24 05:18:47] DB Copy: Creating table wpstg0_wc_download_log
[INFO]-[2020/06/24 05:18:47] DB Copy: Creating table wpstg0_wc_download_log
[INFO]-[2020/06/24 05:18:47] DB Copy: Creating table wpstg0_wc_order_coupon_lookup
[INFO]-[2020/06/24 05:18:47] DB Copy: Creating table wpstg0_wc_order_coupon_lookup
[INFO]-[2020/06/24 05:18:48] DB Copy: Creating table wpstg0_wc_order_product_lookup
[INFO]-[2020/06/24 05:18:48] DB Copy: Creating table wpstg0_wc_order_product_lookup
[INFO]-[2020/06/24 05:18:48] DB Copy: Creating table wpstg0_wc_order_stats
[INFO]-[2020/06/24 05:18:48] DB Copy: Creating table wpstg0_wc_order_stats
[INFO]-[2020/06/24 05:18:49] DB Copy: Creating table wpstg0_wc_order_tax_lookup
[INFO]-[2020/06/24 05:18:49] DB Copy: Creating table wpstg0_wc_order_tax_lookup
[INFO]-[2020/06/24 05:18:49] DB Copy: Creating table wpstg0_wc_product_meta_lookup
[INFO]-[2020/06/24 05:18:49] DB Copy: wp_wc_product_meta_lookup as wpstg0_wc_product_meta_lookup from 0 to 10000 records
[INFO]-[2020/06/24 05:18:49] DB Copy: Creating table wpstg0_wc_product_meta_lookup
[INFO]-[2020/06/24 05:18:49] DB Copy: wp_wc_product_meta_lookup as wpstg0_wc_product_meta_lookup from 0 to 10000 records
[INFO]-[2020/06/24 05:18:50] DB Copy: Creating table wpstg0_wc_tax_rate_classes
[INFO]-[2020/06/24 05:18:50] DB Copy: wp_wc_tax_rate_classes as wpstg0_wc_tax_rate_classes from 0 to 10000 records
[INFO]-[2020/06/24 05:18:50] DB Copy: Creating table wpstg0_wc_tax_rate_classes
[INFO]-[2020/06/24 05:18:50] DB Copy: wp_wc_tax_rate_classes as wpstg0_wc_tax_rate_classes from 0 to 10000 records
[INFO]-[2020/06/24 05:18:50] DB Copy: Creating table wpstg0_wc_webhooks
[INFO]-[2020/06/24 05:18:50] DB Copy: Creating table wpstg0_wc_webhooks
[INFO]-[2020/06/24 05:18:50] DB Copy: Creating table wpstg0_woocommerce_api_keys
[INFO]-[2020/06/24 05:18:50] DB Copy: Creating table wpstg0_woocommerce_api_keys
[INFO]-[2020/06/24 05:18:51] DB Copy: Creating table wpstg0_woocommerce_attribute_taxonomies
[INFO]-[2020/06/24 05:18:51] DB Copy: Creating table wpstg0_woocommerce_attribute_taxonomies
[INFO]-[2020/06/24 05:18:51] DB Copy: Creating table wpstg0_woocommerce_downloadable_product_permissions
[INFO]-[2020/06/24 05:18:51] DB Copy: Creating table wpstg0_woocommerce_downloadable_product_permissions
[INFO]-[2020/06/24 05:18:52] DB Copy: Creating table wpstg0_woocommerce_log
[INFO]-[2020/06/24 05:18:52] DB Copy: Creating table wpstg0_woocommerce_log
[INFO]-[2020/06/24 05:18:52] DB Copy: Creating table wpstg0_woocommerce_order_itemmeta
[INFO]-[2020/06/24 05:18:52] DB Copy: Creating table wpstg0_woocommerce_order_itemmeta
[INFO]-[2020/06/24 05:18:52] DB Copy: Creating table wpstg0_woocommerce_order_items
[INFO]-[2020/06/24 05:18:52] DB Copy: Creating table wpstg0_woocommerce_order_items
[INFO]-[2020/06/24 05:18:53] DB Copy: Creating table wpstg0_woocommerce_payment_tokenmeta
[INFO]-[2020/06/24 05:18:53] DB Copy: Creating table wpstg0_woocommerce_payment_tokenmeta
[INFO]-[2020/06/24 05:18:53] DB Copy: Creating table wpstg0_woocommerce_payment_tokens
[INFO]-[2020/06/24 05:18:53] DB Copy: Creating table wpstg0_woocommerce_payment_tokens
[INFO]-[2020/06/24 05:18:54] DB Copy: Creating table wpstg0_woocommerce_sessions
[INFO]-[2020/06/24 05:18:54] DB Copy: wp_woocommerce_sessions as wpstg0_woocommerce_sessions from 0 to 10000 records
[INFO]-[2020/06/24 05:18:54] DB Copy: Creating table wpstg0_woocommerce_sessions
[INFO]-[2020/06/24 05:18:54] DB Copy: wp_woocommerce_sessions as wpstg0_woocommerce_sessions from 0 to 10000 records
[INFO]-[2020/06/24 05:18:54] DB Copy: Creating table wpstg0_woocommerce_shipping_zone_locations
[INFO]-[2020/06/24 05:18:54] DB Copy: Creating table wpstg0_woocommerce_shipping_zone_locations
[INFO]-[2020/06/24 05:18:54] DB Copy: Creating table wpstg0_woocommerce_shipping_zone_methods
[INFO]-[2020/06/24 05:18:54] DB Copy: Creating table wpstg0_woocommerce_shipping_zone_methods
[INFO]-[2020/06/24 05:18:55] DB Copy: Creating table wpstg0_woocommerce_shipping_zones
[INFO]-[2020/06/24 05:18:55] DB Copy: Creating table wpstg0_woocommerce_shipping_zones
[INFO]-[2020/06/24 05:18:55] DB Copy: Creating table wpstg0_woocommerce_tax_rate_locations
[INFO]-[2020/06/24 05:18:55] DB Copy: Creating table wpstg0_woocommerce_tax_rate_locations
[INFO]-[2020/06/24 05:18:55] DB Copy: Creating table wpstg0_woocommerce_tax_rates
[INFO]-[2020/06/24 05:18:55] DB Copy: Creating table wpstg0_woocommerce_tax_rates
[]-[] 
[]-[] 
[INFO]-[2020/06/24 05:18:56] DB Search & Replace:  Table wpstg0_actionscheduler_actions 0 to 5000 records
[INFO]-[2020/06/24 05:18:56] DB Search & Replace:  Table wpstg0_actionscheduler_actions 0 to 5000 records
[]-[] 
[]-[] 
[INFO]-[2020/06/24 05:18:57] DB Search & Replace:  Table wpstg0_actionscheduler_groups 0 to 5000 records
[INFO]-[2020/06/24 05:18:57] DB Search & Replace:  Table wpstg0_actionscheduler_groups 0 to 5000 records
[INFO]-[2020/06/24 05:18:57] DB Search & Replace:  Table wpstg0_actionscheduler_logs 0 to 5000 records
[INFO]-[2020/06/24 05:18:57] DB Search & Replace:  Table wpstg0_actionscheduler_logs 0 to 5000 records
[]-[] 
[]-[] 
[INFO]-[2020/06/24 05:18:58] DB Search & Replace:  Table wpstg0_aws_index 0 to 5000 records
[INFO]-[2020/06/24 05:18:58] DB Search & Replace:  Table wpstg0_aws_index 0 to 5000 records
[]-[] 
[]-[] 
[INFO]-[2020/06/24 05:18:59] DB Search & Replace:  Table wpstg0_comments 0 to 5000 records
[INFO]-[2020/06/24 05:18:59] DB Search & Replace:  Table wpstg0_comments 0 to 5000 records
[]-[] 
[]-[] 
[INFO]-[2020/06/24 05:19:00] DB Search & Replace:  Table wpstg0_options 0 to 5000 records
[INFO]-[2020/06/24 05:19:00] DB Search & Replace:  Table wpstg0_options 0 to 5000 records
[INFO]-[2020/06/24 05:19:01] DB Search & Replace:  Table wpstg0_postmeta 0 to 5000 records
[INFO]-[2020/06/24 05:19:01] DB Search & Replace:  Table wpstg0_postmeta 0 to 5000 records
[INFO]-[2020/06/24 05:19:01] DB Search & Replace:  Table wpstg0_posts 0 to 5000 records
[INFO]-[2020/06/24 05:19:01] DB Search & Replace:  Table wpstg0_posts 0 to 5000 records
[INFO]-[2020/06/24 05:19:01] DB Search & Replace:  Table wpstg0_responsive_menu 0 to 5000 records
[INFO]-[2020/06/24 05:19:01] DB Search & Replace:  Table wpstg0_responsive_menu 0 to 5000 records
[INFO]-[2020/06/24 05:19:02] DB Search & Replace:  Table wpstg0_term_relationships 0 to 5000 records
[INFO]-[2020/06/24 05:19:02] DB Search & Replace:  Table wpstg0_term_relationships 0 to 5000 records
[INFO]-[2020/06/24 05:19:02] DB Search & Replace:  Table wpstg0_term_taxonomy 0 to 5000 records
[INFO]-[2020/06/24 05:19:02] DB Search & Replace:  Table wpstg0_term_taxonomy 0 to 5000 records
[INFO]-[2020/06/24 05:19:03] DB Search & Replace:  Table wpstg0_termmeta 0 to 5000 records
[INFO]-[2020/06/24 05:19:03] DB Search & Replace:  Table wpstg0_termmeta 0 to 5000 records
[INFO]-[2020/06/24 05:19:03] DB Search & Replace:  Table wpstg0_terms 0 to 5000 records
[INFO]-[2020/06/24 05:19:03] DB Search & Replace:  Table wpstg0_terms 0 to 5000 records
[]-[] 
[]-[] 
[]-[] 
[]-[] 
[INFO]-[2020/06/24 05:19:04] DB Search & Replace:  Table wpstg0_usermeta 0 to 5000 records
[INFO]-[2020/06/24 05:19:04] DB Search & Replace:  Table wpstg0_usermeta 0 to 5000 records
[INFO]-[2020/06/24 05:19:05] DB Search & Replace:  Table wpstg0_users 0 to 5000 records
[INFO]-[2020/06/24 05:19:05] DB Search & Replace:  Table wpstg0_users 0 to 5000 records
[INFO]-[2020/06/24 05:19:05] DB Search & Replace:  Table wpstg0_wc_admin_note_actions 0 to 5000 records
[INFO]-[2020/06/24 05:19:05] DB Search & Replace:  Table wpstg0_wc_admin_note_actions 0 to 5000 records
[INFO]-[2020/06/24 05:19:06] DB Search & Replace:  Table wpstg0_wc_admin_notes 0 to 5000 records
[INFO]-[2020/06/24 05:19:06] DB Search & Replace:  Table wpstg0_wc_admin_notes 0 to 5000 records
[INFO]-[2020/06/24 05:19:06] DB Search & Replace:  Table wpstg0_wc_category_lookup 0 to 5000 records
[INFO]-[2020/06/24 05:19:06] DB Search & Replace:  Table wpstg0_wc_category_lookup 0 to 5000 records
[]-[] 
[]-[] 
[]-[] 
[]-[] 
[]-[] 
[]-[] 
[]-[] 
[]-[] 
[]-[] 
[]-[] 
[]-[] 
[]-[] 
[INFO]-[2020/06/24 05:19:09] DB Search & Replace:  Table wpstg0_wc_product_meta_lookup 0 to 5000 records
[INFO]-[2020/06/24 05:19:09] DB Search & Replace:  Table wpstg0_wc_product_meta_lookup 0 to 5000 records
[INFO]-[2020/06/24 05:19:10] DB Search & Replace:  Table wpstg0_wc_tax_rate_classes 0 to 5000 records
[INFO]-[2020/06/24 05:19:10] DB Search & Replace:  Table wpstg0_wc_tax_rate_classes 0 to 5000 records
[]-[] 
[]-[] 
[]-[] 
[]-[] 
[]-[] 
[]-[] 
[]-[] 
[]-[] 
[]-[] 
[]-[] 
[]-[] 
[]-[] 
[]-[] 
[]-[] 
[]-[] 
[]-[] 
[]-[] 
[]-[] 
[INFO]-[2020/06/24 05:19:15] DB Search & Replace:  Table wpstg0_woocommerce_sessions 0 to 5000 records
[INFO]-[2020/06/24 05:19:15] DB Search & Replace:  Table wpstg0_woocommerce_sessions 0 to 5000 records
[]-[] 
[]-[] 
[]-[] 
[]-[] 
[]-[] 
[]-[] 
[]-[] 
[]-[] 
[]-[] 
[]-[] 
[]-[] 
[]-[] 
[INFO]-[2020/06/24 05:19:18] Scanning / for files
[INFO]-[2020/06/24 05:19:18] Scanning / for files
[INFO]-[2020/06/24 05:19:19] Scanning wp-content folder /homepages/29/d819117486/htdocs/bapp/wp-content
[INFO]-[2020/06/24 05:19:19] Scanning wp-content folder /homepages/29/d819117486/htdocs/bapp/wp-content
[INFO]-[2020/06/24 05:19:41] Scanning /wp-includes for its sub-directories and files
[INFO]-[2020/06/24 05:19:41] Scanning /wp-includes for its sub-directories and files
[INFO]-[2020/06/24 05:19:43] Scanning /wp-admin for its sub-directories and files
[INFO]-[2020/06/24 05:19:43] Scanning /wp-admin for its sub-directories and files
[INFO]-[2020/06/24 05:19:45] Copying files...
[INFO]-[2020/06/24 05:19:45] Total 50 files processed
[INFO]-[2020/06/24 05:19:45] Copying files...
[INFO]-[2020/06/24 05:19:45] Total 50 files processed
[INFO]-[2020/06/24 05:19:46] Total 100 files processed
[INFO]-[2020/06/24 05:19:46] Total 100 files processed
[INFO]-[2020/06/24 05:19:46] Total 150 files processed
[INFO]-[2020/06/24 05:19:46] Total 150 files processed
[INFO]-[2020/06/24 05:19:46] Total 200 files processed
[INFO]-[2020/06/24 05:19:46] Total 200 files processed
[INFO]-[2020/06/24 05:19:47] Total 250 files processed
[INFO]-[2020/06/24 05:19:47] Total 250 files processed
[INFO]-[2020/06/24 05:19:48] Total 300 files processed
[INFO]-[2020/06/24 05:19:48] Total 300 files processed
[INFO]-[2020/06/24 05:19:48] Total 350 files processed
[INFO]-[2020/06/24 05:19:48] Total 350 files processed
[INFO]-[2020/06/24 05:19:49] Total 400 files processed
[INFO]-[2020/06/24 05:19:49] Total 400 files processed
[INFO]-[2020/06/24 05:19:50] Total 450 files processed
[INFO]-[2020/06/24 05:19:50] Total 450 files processed
[INFO]-[2020/06/24 05:19:51] Total 500 files processed
[INFO]-[2020/06/24 05:19:51] Total 500 files processed
[INFO]-[2020/06/24 05:19:52] Total 550 files processed
[INFO]-[2020/06/24 05:19:52] Total 550 files processed
[INFO]-[2020/06/24 05:19:52] Total 600 files processed
[INFO]-[2020/06/24 05:19:52] Total 600 files processed
[INFO]-[2020/06/24 05:19:53] Total 650 files processed
[INFO]-[2020/06/24 05:19:53] Total 650 files processed
[INFO]-[2020/06/24 05:19:53] Total 700 files processed
[INFO]-[2020/06/24 05:19:53] Total 700 files processed
[INFO]-[2020/06/24 05:19:54] Total 750 files processed
[INFO]-[2020/06/24 05:19:54] Total 750 files processed
[INFO]-[2020/06/24 05:19:55] Total 800 files processed
[INFO]-[2020/06/24 05:19:55] Total 800 files processed
[INFO]-[2020/06/24 05:19:56] Total 850 files processed
[INFO]-[2020/06/24 05:19:56] Total 850 files processed
[INFO]-[2020/06/24 05:19:56] Total 900 files processed
[INFO]-[2020/06/24 05:19:56] Total 900 files processed
[INFO]-[2020/06/24 05:19:57] Total 950 files processed
[INFO]-[2020/06/24 05:19:57] Total 950 files processed
[INFO]-[2020/06/24 05:19:58] Total 1000 files processed
[INFO]-[2020/06/24 05:19:58] Total 1000 files processed
[INFO]-[2020/06/24 05:19:58] Total 1050 files processed
[INFO]-[2020/06/24 05:19:58] Total 1050 files processed
[INFO]-[2020/06/24 05:19:59] Total 1100 files processed
[INFO]-[2020/06/24 05:19:59] Total 1100 files processed
[INFO]-[2020/06/24 05:20:00] Total 1150 files processed
[INFO]-[2020/06/24 05:20:00] Total 1150 files processed
[INFO]-[2020/06/24 05:20:01] Total 1200 files processed
[INFO]-[2020/06/24 05:20:01] Total 1200 files processed
[INFO]-[2020/06/24 05:20:02] Total 1250 files processed
[INFO]-[2020/06/24 05:20:02] Total 1250 files processed
[INFO]-[2020/06/24 05:20:03] Total 1300 files processed
[INFO]-[2020/06/24 05:20:03] Total 1300 files processed
[INFO]-[2020/06/24 05:20:04] Total 1350 files processed
[INFO]-[2020/06/24 05:20:04] Total 1350 files processed
[INFO]-[2020/06/24 05:20:04] Total 1400 files processed
[INFO]-[2020/06/24 05:20:04] Total 1400 files processed
[INFO]-[2020/06/24 05:20:06] Total 1450 files processed
[INFO]-[2020/06/24 05:20:06] Total 1450 files processed
[INFO]-[2020/06/24 05:20:06] Total 1500 files processed
[INFO]-[2020/06/24 05:20:06] Total 1500 files processed
[INFO]-[2020/06/24 05:20:07] Total 1550 files processed
[INFO]-[2020/06/24 05:20:07] Total 1550 files processed
[INFO]-[2020/06/24 05:20:08] Total 1600 files processed
[INFO]-[2020/06/24 05:20:08] Total 1600 files processed
[INFO]-[2020/06/24 05:20:09] Total 1650 files processed
[INFO]-[2020/06/24 05:20:09] Total 1650 files processed
[INFO]-[2020/06/24 05:20:10] Total 1700 files processed
[INFO]-[2020/06/24 05:20:10] Total 1700 files processed
[INFO]-[2020/06/24 05:20:11] Total 1750 files processed
[INFO]-[2020/06/24 05:20:11] Total 1750 files processed
[INFO]-[2020/06/24 05:20:11] Total 1800 files processed
[INFO]-[2020/06/24 05:20:11] Total 1800 files processed
[INFO]-[2020/06/24 05:20:12] Total 1850 files processed
[INFO]-[2020/06/24 05:20:12] Total 1850 files processed
[INFO]-[2020/06/24 05:20:13] Total 1900 files processed
[INFO]-[2020/06/24 05:20:13] Total 1900 files processed
[INFO]-[2020/06/24 05:20:13] Total 1950 files processed
[INFO]-[2020/06/24 05:20:13] Total 1950 files processed
[INFO]-[2020/06/24 05:20:14] Total 2000 files processed
[INFO]-[2020/06/24 05:20:14] Total 2000 files processed
[INFO]-[2020/06/24 05:20:14] Total 2050 files processed
[INFO]-[2020/06/24 05:20:14] Total 2050 files processed
[INFO]-[2020/06/24 05:20:15] Total 2100 files processed
[INFO]-[2020/06/24 05:20:15] Total 2100 files processed
[INFO]-[2020/06/24 05:20:16] Total 2150 files processed
[INFO]-[2020/06/24 05:20:16] Total 2150 files processed
[INFO]-[2020/06/24 05:20:17] Trying to copy big file: /homepages/29/d819117486/htdocs/bapp/wp-content/plugins/woocommerce/assets/css/jquery-ui/jquery-ui.css -> /homepages/29/d819117486/htdocs/bapp/belhairs-staging/wp-content/plugins/woocommerce/assets/css/jquery-ui/jquery-ui.css
[INFO]-[2020/06/24 05:20:17] Trying to copy big file: /homepages/29/d819117486/htdocs/bapp/wp-content/plugins/woocommerce/assets/css/jquery-ui/jquery-ui-rtl.css -> /homepages/29/d819117486/htdocs/bapp/belhairs-staging/wp-content/plugins/woocommerce/assets/css/jquery-ui/jquery-ui-rtl.css
[INFO]-[2020/06/24 05:20:17] Total 2200 files processed
[INFO]-[2020/06/24 05:20:17] Trying to copy big file: /homepages/29/d819117486/htdocs/bapp/wp-content/plugins/woocommerce/assets/css/jquery-ui/jquery-ui.css -> /homepages/29/d819117486/htdocs/bapp/belhairs-staging/wp-content/plugins/woocommerce/assets/css/jquery-ui/jquery-ui.css
[INFO]-[2020/06/24 05:20:17] Trying to copy big file: /homepages/29/d819117486/htdocs/bapp/wp-content/plugins/woocommerce/assets/css/jquery-ui/jquery-ui-rtl.css -> /homepages/29/d819117486/htdocs/bapp/belhairs-staging/wp-content/plugins/woocommerce/assets/css/jquery-ui/jquery-ui-rtl.css
[INFO]-[2020/06/24 05:20:17] Total 2200 files processed
[INFO]-[2020/06/24 05:20:18] Total 2250 files processed
[INFO]-[2020/06/24 05:20:18] Total 2250 files processed
[INFO]-[2020/06/24 05:20:19] Total 2300 files processed
[INFO]-[2020/06/24 05:20:19] Total 2300 files processed
[INFO]-[2020/06/24 05:20:20] Total 2350 files processed
[INFO]-[2020/06/24 05:20:20] Total 2350 files processed
[INFO]-[2020/06/24 05:20:21] Total 2400 files processed
[INFO]-[2020/06/24 05:20:21] Total 2400 files processed
[INFO]-[2020/06/24 05:20:22] Total 2450 files processed
[INFO]-[2020/06/24 05:20:22] Total 2450 files processed
[INFO]-[2020/06/24 05:20:23] Total 2500 files processed
[INFO]-[2020/06/24 05:20:23] Total 2500 files processed
[INFO]-[2020/06/24 05:20:24] Total 2550 files processed
[INFO]-[2020/06/24 05:20:24] Total 2550 files processed
[INFO]-[2020/06/24 05:20:26] Total 2600 files processed
[INFO]-[2020/06/24 05:20:26] Total 2600 files processed
[INFO]-[2020/06/24 05:20:26] Total 2650 files processed
[INFO]-[2020/06/24 05:20:26] Total 2650 files processed
[INFO]-[2020/06/24 05:20:27] Total 2700 files processed
[INFO]-[2020/06/24 05:20:27] Total 2700 files processed
[INFO]-[2020/06/24 05:20:28] Total 2750 files processed
[INFO]-[2020/06/24 05:20:28] Total 2750 files processed
[INFO]-[2020/06/24 05:20:29] Total 2800 files processed
[INFO]-[2020/06/24 05:20:29] Total 2800 files processed
[INFO]-[2020/06/24 05:20:29] Total 2850 files processed
[INFO]-[2020/06/24 05:20:29] Total 2850 files processed
[INFO]-[2020/06/24 05:20:31] Total 2900 files processed
[INFO]-[2020/06/24 05:20:31] Total 2900 files processed
[INFO]-[2020/06/24 05:20:32] Total 2950 files processed
[INFO]-[2020/06/24 05:20:32] Total 2950 files processed
[INFO]-[2020/06/24 05:20:34] Total 3000 files processed
[INFO]-[2020/06/24 05:20:34] Total 3000 files processed
[INFO]-[2020/06/24 05:20:35] Total 3050 files processed
[INFO]-[2020/06/24 05:20:35] Total 3050 files processed
[INFO]-[2020/06/24 05:20:36] Total 3100 files processed
[INFO]-[2020/06/24 05:20:36] Total 3100 files processed
[INFO]-[2020/06/24 05:20:38] Trying to copy big file: /homepages/29/d819117486/htdocs/bapp/wp-content/plugins/woocommerce/packages/woocommerce-admin/dist/components/index.js -> /homepages/29/d819117486/htdocs/bapp/belhairs-staging/wp-content/plugins/woocommerce/packages/woocommerce-admin/dist/components/index.js
[INFO]-[2020/06/24 05:20:38] Total 3150 files processed
[INFO]-[2020/06/24 05:20:38] Trying to copy big file: /homepages/29/d819117486/htdocs/bapp/wp-content/plugins/woocommerce/packages/woocommerce-admin/dist/components/index.js -> /homepages/29/d819117486/htdocs/bapp/belhairs-staging/wp-content/plugins/woocommerce/packages/woocommerce-admin/dist/components/index.js
[INFO]-[2020/06/24 05:20:38] Total 3150 files processed
[INFO]-[2020/06/24 05:20:39] Total 3200 files processed
[INFO]-[2020/06/24 05:20:39] Total 3200 files processed
[INFO]-[2020/06/24 05:20:40] Total 3250 files processed
[INFO]-[2020/06/24 05:20:40] Total 3250 files processed
[INFO]-[2020/06/24 05:20:41] Total 3300 files processed
[INFO]-[2020/06/24 05:20:41] Total 3300 files processed
[INFO]-[2020/06/24 05:20:42] Total 3350 files processed
[INFO]-[2020/06/24 05:20:42] Total 3350 files processed
[INFO]-[2020/06/24 05:20:43] Total 3400 files processed
[INFO]-[2020/06/24 05:20:43] Total 3400 files processed
[INFO]-[2020/06/24 05:20:44] Total 3450 files processed
[INFO]-[2020/06/24 05:20:44] Total 3450 files processed
[INFO]-[2020/06/24 05:20:45] Total 3500 files processed
[INFO]-[2020/06/24 05:20:45] Total 3500 files processed
[INFO]-[2020/06/24 05:20:47] Total 3550 files processed
[INFO]-[2020/06/24 05:20:47] Total 3550 files processed
[INFO]-[2020/06/24 05:20:48] Total 3600 files processed
[INFO]-[2020/06/24 05:20:48] Total 3600 files processed
[INFO]-[2020/06/24 05:20:49] Total 3650 files processed
[INFO]-[2020/06/24 05:20:49] Total 3650 files processed
[INFO]-[2020/06/24 05:20:51] Total 3700 files processed
[INFO]-[2020/06/24 05:20:51] Total 3700 files processed
[INFO]-[2020/06/24 05:20:53] Total 3750 files processed
[INFO]-[2020/06/24 05:20:53] Total 3750 files processed
[INFO]-[2020/06/24 05:20:54] Total 3800 files processed
[INFO]-[2020/06/24 05:20:54] Total 3800 files processed
[INFO]-[2020/06/24 05:20:55] Total 3850 files processed
[INFO]-[2020/06/24 05:20:55] Total 3850 files processed
[INFO]-[2020/06/24 05:20:55] Total 3900 files processed
[INFO]-[2020/06/24 05:20:55] Total 3900 files processed
[INFO]-[2020/06/24 05:20:57] Total 3950 files processed
[INFO]-[2020/06/24 05:20:57] Total 3950 files processed
[INFO]-[2020/06/24 05:20:58] Total 4000 files processed
[INFO]-[2020/06/24 05:20:58] Total 4000 files processed
[INFO]-[2020/06/24 05:20:58] Total 4050 files processed
[INFO]-[2020/06/24 05:20:58] Total 4050 files processed
[INFO]-[2020/06/24 05:21:00] Total 4100 files processed
[INFO]-[2020/06/24 05:21:00] Total 4100 files processed
[INFO]-[2020/06/24 05:21:01] Total 4150 files processed
[INFO]-[2020/06/24 05:21:01] Total 4150 files processed
[INFO]-[2020/06/24 05:21:02] Total 4200 files processed
[INFO]-[2020/06/24 05:21:02] Total 4200 files processed
[INFO]-[2020/06/24 05:21:03] Total 4250 files processed
[INFO]-[2020/06/24 05:21:03] Total 4250 files processed
[INFO]-[2020/06/24 05:21:04] Total 4300 files processed
[INFO]-[2020/06/24 05:21:04] Total 4300 files processed
[INFO]-[2020/06/24 05:21:05] Total 4350 files processed
[INFO]-[2020/06/24 05:21:05] Total 4350 files processed
[INFO]-[2020/06/24 05:21:06] Total 4400 files processed
[INFO]-[2020/06/24 05:21:06] Total 4400 files processed
[INFO]-[2020/06/24 05:21:07] Total 4450 files processed
[INFO]-[2020/06/24 05:21:07] Total 4450 files processed
[INFO]-[2020/06/24 05:21:08] Total 4500 files processed
[INFO]-[2020/06/24 05:21:08] Total 4500 files processed
[INFO]-[2020/06/24 05:21:09] Total 4550 files processed
[INFO]-[2020/06/24 05:21:09] Total 4550 files processed
[INFO]-[2020/06/24 05:21:10] Total 4600 files processed
[INFO]-[2020/06/24 05:21:10] Total 4600 files processed
[INFO]-[2020/06/24 05:21:11] Total 4650 files processed
[INFO]-[2020/06/24 05:21:11] Total 4650 files processed
[INFO]-[2020/06/24 05:21:12] Total 4700 files processed
[INFO]-[2020/06/24 05:21:12] Total 4700 files processed
[INFO]-[2020/06/24 05:21:13] Total 4750 files processed
[INFO]-[2020/06/24 05:21:13] Total 4750 files processed
[INFO]-[2020/06/24 05:21:14] Total 4800 files processed
[INFO]-[2020/06/24 05:21:14] Total 4800 files processed
[INFO]-[2020/06/24 05:21:15] Total 4850 files processed
[INFO]-[2020/06/24 05:21:15] Total 4850 files processed
[INFO]-[2020/06/24 05:21:16] Total 4900 files processed
[INFO]-[2020/06/24 05:21:16] Total 4900 files processed
[INFO]-[2020/06/24 05:21:17] Total 4950 files processed
[INFO]-[2020/06/24 05:21:17] Total 4950 files processed
[INFO]-[2020/06/24 05:21:18] Total 5000 files processed
[INFO]-[2020/06/24 05:21:18] Total 5000 files processed
[INFO]-[2020/06/24 05:21:20] Total 5050 files processed
[INFO]-[2020/06/24 05:21:20] Total 5050 files processed
[INFO]-[2020/06/24 05:21:22] Total 5100 files processed
[INFO]-[2020/06/24 05:21:22] Total 5100 files processed
[INFO]-[2020/06/24 05:21:23] Total 5150 files processed
[INFO]-[2020/06/24 05:21:23] Total 5150 files processed
[INFO]-[2020/06/24 05:21:26] Total 5200 files processed
[INFO]-[2020/06/24 05:21:26] Total 5200 files processed
[INFO]-[2020/06/24 05:21:28] Total 5250 files processed
[INFO]-[2020/06/24 05:21:28] Total 5250 files processed
[INFO]-[2020/06/24 05:21:29] Total 5300 files processed
[INFO]-[2020/06/24 05:21:29] Total 5300 files processed
[INFO]-[2020/06/24 05:21:31] Total 5350 files processed
[INFO]-[2020/06/24 05:21:31] Total 5350 files processed
[INFO]-[2020/06/24 05:21:33] Total 5400 files processed
[INFO]-[2020/06/24 05:21:33] Total 5400 files processed
[INFO]-[2020/06/24 05:21:35] Total 5450 files processed
[INFO]-[2020/06/24 05:21:35] Total 5450 files processed
[INFO]-[2020/06/24 05:21:37] Total 5500 files processed
[INFO]-[2020/06/24 05:21:37] Total 5500 files processed
[INFO]-[2020/06/24 05:21:38] Total 5550 files processed
[INFO]-[2020/06/24 05:21:38] Total 5550 files processed
[INFO]-[2020/06/24 05:21:39] Total 5600 files processed
[INFO]-[2020/06/24 05:21:39] Total 5600 files processed
[INFO]-[2020/06/24 05:21:41] Total 5650 files processed
[INFO]-[2020/06/24 05:21:41] Total 5650 files processed
[INFO]-[2020/06/24 05:21:42] Total 5700 files processed
[INFO]-[2020/06/24 05:21:42] Total 5700 files processed
[INFO]-[2020/06/24 05:21:44] Total 5750 files processed
[INFO]-[2020/06/24 05:21:44] Total 5750 files processed
[INFO]-[2020/06/24 05:21:47] Total 5800 files processed
[INFO]-[2020/06/24 05:21:47] Total 5800 files processed
[INFO]-[2020/06/24 05:21:48] Total 5850 files processed
[INFO]-[2020/06/24 05:21:48] Total 5850 files processed
[INFO]-[2020/06/24 05:21:49] Total 5900 files processed
[INFO]-[2020/06/24 05:21:49] Total 5900 files processed
[INFO]-[2020/06/24 05:21:50] Total 5950 files processed
[INFO]-[2020/06/24 05:21:50] Total 5950 files processed
[INFO]-[2020/06/24 05:21:51] Total 6000 files processed
[INFO]-[2020/06/24 05:21:51] Total 6000 files processed
[INFO]-[2020/06/24 05:21:52] Total 6050 files processed
[INFO]-[2020/06/24 05:21:52] Total 6050 files processed
[INFO]-[2020/06/24 05:21:53] Total 6100 files processed
[INFO]-[2020/06/24 05:21:53] Total 6100 files processed
[INFO]-[2020/06/24 05:21:54] Total 6150 files processed
[INFO]-[2020/06/24 05:21:54] Total 6150 files processed
[INFO]-[2020/06/24 05:21:55] Total 6200 files processed
[INFO]-[2020/06/24 05:21:55] Total 6200 files processed
[INFO]-[2020/06/24 05:21:56] Total 6250 files processed
[INFO]-[2020/06/24 05:21:56] Total 6250 files processed
[INFO]-[2020/06/24 05:21:57] Total 6300 files processed
[INFO]-[2020/06/24 05:21:57] Total 6300 files processed
[INFO]-[2020/06/24 05:21:59] Total 6350 files processed
[INFO]-[2020/06/24 05:21:59] Total 6350 files processed
[INFO]-[2020/06/24 05:22:00] Total 6400 files processed
[INFO]-[2020/06/24 05:22:00] Total 6400 files processed
[INFO]-[2020/06/24 05:22:01] Total 6450 files processed
[INFO]-[2020/06/24 05:22:01] Total 6450 files processed
[INFO]-[2020/06/24 05:22:02] Total 6500 files processed
[INFO]-[2020/06/24 05:22:02] Total 6500 files processed
[INFO]-[2020/06/24 05:22:03] Total 6550 files processed
[INFO]-[2020/06/24 05:22:03] Total 6550 files processed
[INFO]-[2020/06/24 05:22:04] Total 6600 files processed
[INFO]-[2020/06/24 05:22:04] Total 6600 files processed
[INFO]-[2020/06/24 05:22:05] Total 6650 files processed
[INFO]-[2020/06/24 05:22:05] Total 6650 files processed
[INFO]-[2020/06/24 05:22:06] Total 6700 files processed
[INFO]-[2020/06/24 05:22:06] Total 6700 files processed
[INFO]-[2020/06/24 05:22:07] Total 6750 files processed
[INFO]-[2020/06/24 05:22:07] Total 6750 files processed
[INFO]-[2020/06/24 05:22:08] Total 6800 files processed
[INFO]-[2020/06/24 05:22:08] Total 6800 files processed
[INFO]-[2020/06/24 05:22:09] Total 6850 files processed
[INFO]-[2020/06/24 05:22:09] Total 6850 files processed
[INFO]-[2020/06/24 05:22:10] Total 6900 files processed
[INFO]-[2020/06/24 05:22:10] Total 6900 files processed
[INFO]-[2020/06/24 05:22:11] Total 6950 files processed
[INFO]-[2020/06/24 05:22:11] Total 6950 files processed
[INFO]-[2020/06/24 05:22:12] Total 7000 files processed
[INFO]-[2020/06/24 05:22:12] Total 7000 files processed
[INFO]-[2020/06/24 05:22:13] Total 7050 files processed
[INFO]-[2020/06/24 05:22:13] Total 7050 files processed
[INFO]-[2020/06/24 05:22:14] Total 7100 files processed
[INFO]-[2020/06/24 05:22:14] Total 7100 files processed
[INFO]-[2020/06/24 05:22:15] Total 7150 files processed
[INFO]-[2020/06/24 05:22:15] Total 7150 files processed
[INFO]-[2020/06/24 05:22:16] Total 7200 files processed
[INFO]-[2020/06/24 05:22:16] Total 7200 files processed
[INFO]-[2020/06/24 05:22:17] Total 7250 files processed
[INFO]-[2020/06/24 05:22:17] Total 7250 files processed
[INFO]-[2020/06/24 05:22:18] Total 7300 files processed
[INFO]-[2020/06/24 05:22:18] Total 7300 files processed
[INFO]-[2020/06/24 05:22:19] Total 7350 files processed
[INFO]-[2020/06/24 05:22:19] Total 7350 files processed
[INFO]-[2020/06/24 05:22:20] Total 7400 files processed
[INFO]-[2020/06/24 05:22:20] Total 7400 files processed
[INFO]-[2020/06/24 05:22:21] Total 7450 files processed
[INFO]-[2020/06/24 05:22:21] Total 7450 files processed
[INFO]-[2020/06/24 05:22:22] Total 7500 files processed
[INFO]-[2020/06/24 05:22:22] Total 7500 files processed
[INFO]-[2020/06/24 05:22:24] Total 7550 files processed
[INFO]-[2020/06/24 05:22:24] Total 7550 files processed
[INFO]-[2020/06/24 05:22:26] Total 7600 files processed
[INFO]-[2020/06/24 05:22:26] Total 7600 files processed
[INFO]-[2020/06/24 05:22:27] Total 7650 files processed
[INFO]-[2020/06/24 05:22:27] Total 7650 files processed
[INFO]-[2020/06/24 05:22:29] Total 7700 files processed
[INFO]-[2020/06/24 05:22:29] Total 7700 files processed
[INFO]-[2020/06/24 05:22:30] Total 7750 files processed
[INFO]-[2020/06/24 05:22:30] Total 7750 files processed
[INFO]-[2020/06/24 05:22:31] Total 7800 files processed
[INFO]-[2020/06/24 05:22:31] Total 7800 files processed
[INFO]-[2020/06/24 05:22:32] Total 7850 files processed
[INFO]-[2020/06/24 05:22:32] Total 7850 files processed
[INFO]-[2020/06/24 05:22:34] Total 7900 files processed
[INFO]-[2020/06/24 05:22:34] Total 7900 files processed
[INFO]-[2020/06/24 05:22:35] Total 7950 files processed
[INFO]-[2020/06/24 05:22:35] Total 7950 files processed
[INFO]-[2020/06/24 05:22:36] Total 8000 files processed
[INFO]-[2020/06/24 05:22:36] Total 8000 files processed
[INFO]-[2020/06/24 05:22:37] Total 8050 files processed
[INFO]-[2020/06/24 05:22:37] Total 8050 files processed
[INFO]-[2020/06/24 05:22:38] Total 8100 files processed
[INFO]-[2020/06/24 05:22:38] Total 8100 files processed
[INFO]-[2020/06/24 05:22:39] Total 8150 files processed
[INFO]-[2020/06/24 05:22:39] Total 8150 files processed
[INFO]-[2020/06/24 05:22:40] Total 8200 files processed
[INFO]-[2020/06/24 05:22:40] Total 8200 files processed
[INFO]-[2020/06/24 05:22:41] Total 8250 files processed
[INFO]-[2020/06/24 05:22:41] Total 8250 files processed
[INFO]-[2020/06/24 05:22:42] Total 8300 files processed
[INFO]-[2020/06/24 05:22:42] Total 8300 files processed
[INFO]-[2020/06/24 05:22:43] Total 8350 files processed
[INFO]-[2020/06/24 05:22:43] Total 8350 files processed
[INFO]-[2020/06/24 05:22:43] Total 8400 files processed
[INFO]-[2020/06/24 05:22:43] Total 8400 files processed
[INFO]-[2020/06/24 05:22:44] Total 8450 files processed
[INFO]-[2020/06/24 05:22:44] Total 8450 files processed
[INFO]-[2020/06/24 05:22:45] Total 8500 files processed
[INFO]-[2020/06/24 05:22:45] Total 8500 files processed
[INFO]-[2020/06/24 05:22:46] Total 8550 files processed
[INFO]-[2020/06/24 05:22:46] Total 8550 files processed
[INFO]-[2020/06/24 05:22:46] Total 8600 files processed
[INFO]-[2020/06/24 05:22:46] Total 8600 files processed
[INFO]-[2020/06/24 05:22:47] Total 8650 files processed
[INFO]-[2020/06/24 05:22:47] Total 8650 files processed
[INFO]-[2020/06/24 05:22:47] Total 8700 files processed
[INFO]-[2020/06/24 05:22:47] Total 8700 files processed
[INFO]-[2020/06/24 05:22:48] Total 8750 files processed
[INFO]-[2020/06/24 05:22:48] Total 8750 files processed
[INFO]-[2020/06/24 05:22:49] Total 8800 files processed
[INFO]-[2020/06/24 05:22:49] Total 8800 files processed
[INFO]-[2020/06/24 05:22:49] Total 8850 files processed
[INFO]-[2020/06/24 05:22:49] Total 8850 files processed
[INFO]-[2020/06/24 05:22:50] Total 8900 files processed
[INFO]-[2020/06/24 05:22:50] Total 8900 files processed
[INFO]-[2020/06/24 05:22:51] Total 8950 files processed
[INFO]-[2020/06/24 05:22:51] Total 8950 files processed
[INFO]-[2020/06/24 05:22:52] Total 9000 files processed
[INFO]-[2020/06/24 05:22:52] Total 9000 files processed
[INFO]-[2020/06/24 05:22:53] Total 9050 files processed
[INFO]-[2020/06/24 05:22:53] Total 9050 files processed
[INFO]-[2020/06/24 05:22:53] Total 9100 files processed
[INFO]-[2020/06/24 05:22:53] Total 9100 files processed
[INFO]-[2020/06/24 05:22:56] Total 9150 files processed
[INFO]-[2020/06/24 05:22:56] Total 9150 files processed
[INFO]-[2020/06/24 05:22:57] Total 9200 files processed
[INFO]-[2020/06/24 05:22:57] Total 9200 files processed
[INFO]-[2020/06/24 05:22:58] Total 9250 files processed
[INFO]-[2020/06/24 05:22:58] Total 9250 files processed
[INFO]-[2020/06/24 05:22:58] Total 9300 files processed
[INFO]-[2020/06/24 05:22:58] Total 9300 files processed
[INFO]-[2020/06/24 05:22:59] Total 9350 files processed
[INFO]-[2020/06/24 05:22:59] Total 9350 files processed
[INFO]-[2020/06/24 05:23:00] Total 9400 files processed
[INFO]-[2020/06/24 05:23:00] Total 9400 files processed
[INFO]-[2020/06/24 05:23:00] Total 9450 files processed
[INFO]-[2020/06/24 05:23:00] Total 9450 files processed
[INFO]-[2020/06/24 05:23:01] Total 9500 files processed
[INFO]-[2020/06/24 05:23:01] Total 9500 files processed
[INFO]-[2020/06/24 05:23:02] Total 9550 files processed
[INFO]-[2020/06/24 05:23:02] Total 9550 files processed
[INFO]-[2020/06/24 05:23:03] Total 9600 files processed
[INFO]-[2020/06/24 05:23:03] Total 9600 files processed
[INFO]-[2020/06/24 05:23:04] Total 9650 files processed
[INFO]-[2020/06/24 05:23:04] Total 9650 files processed
[INFO]-[2020/06/24 05:23:04] Total 9700 files processed
[INFO]-[2020/06/24 05:23:04] Total 9700 files processed
[INFO]-[2020/06/24 05:23:05] Total 9750 files processed
[INFO]-[2020/06/24 05:23:05] Total 9750 files processed
[INFO]-[2020/06/24 05:23:06] Total 9800 files processed
[INFO]-[2020/06/24 05:23:06] Total 9800 files processed
[INFO]-[2020/06/24 05:23:07] Total 9850 files processed
[INFO]-[2020/06/24 05:23:07] Total 9850 files processed
[INFO]-[2020/06/24 05:23:08] Total 9900 files processed
[INFO]-[2020/06/24 05:23:08] Total 9900 files processed
[INFO]-[2020/06/24 05:23:09] Total 9950 files processed
[INFO]-[2020/06/24 05:23:09] Total 9950 files processed
[INFO]-[2020/06/24 05:23:10] Total 10000 files processed
[INFO]-[2020/06/24 05:23:10] Total 10000 files processed
[INFO]-[2020/06/24 05:23:11] Total 10050 files processed
[INFO]-[2020/06/24 05:23:11] Total 10050 files processed
[INFO]-[2020/06/24 05:23:11] Total 10100 files processed
[INFO]-[2020/06/24 05:23:11] Total 10100 files processed
[INFO]-[2020/06/24 05:23:12] Total 10150 files processed
[INFO]-[2020/06/24 05:23:12] Total 10150 files processed
[INFO]-[2020/06/24 05:23:13] Total 10200 files processed
[INFO]-[2020/06/24 05:23:13] Total 10200 files processed
[INFO]-[2020/06/24 05:23:14] Total 10250 files processed
[INFO]-[2020/06/24 05:23:14] Total 10250 files processed
[INFO]-[2020/06/24 05:23:15] Total 10300 files processed
[INFO]-[2020/06/24 05:23:15] Total 10300 files processed
[INFO]-[2020/06/24 05:23:15] Total 10350 files processed
[INFO]-[2020/06/24 05:23:15] Total 10350 files processed
[INFO]-[2020/06/24 05:23:16] Total 10400 files processed
[INFO]-[2020/06/24 05:23:16] Total 10400 files processed
[INFO]-[2020/06/24 05:23:17] Total 10450 files processed
[INFO]-[2020/06/24 05:23:17] Total 10450 files processed
[INFO]-[2020/06/24 05:23:18] Total 10500 files processed
[INFO]-[2020/06/24 05:23:18] Total 10500 files processed
[INFO]-[2020/06/24 05:23:19] Total 10550 files processed
[INFO]-[2020/06/24 05:23:19] Total 10550 files processed
[INFO]-[2020/06/24 05:23:20] Total 10600 files processed
[INFO]-[2020/06/24 05:23:20] Total 10600 files processed
[INFO]-[2020/06/24 05:23:20] Total 10650 files processed
[INFO]-[2020/06/24 05:23:20] Total 10650 files processed
[INFO]-[2020/06/24 05:23:21] Total 10700 files processed
[INFO]-[2020/06/24 05:23:21] Total 10700 files processed
[INFO]-[2020/06/24 05:23:24] Total 10750 files processed
[INFO]-[2020/06/24 05:23:24] Total 10750 files processed
[INFO]-[2020/06/24 05:23:26] Total 10800 files processed
[INFO]-[2020/06/24 05:23:26] Total 10800 files processed
[INFO]-[2020/06/24 05:23:27] Total 10850 files processed
[INFO]-[2020/06/24 05:23:27] Total 10850 files processed
[INFO]-[2020/06/24 05:23:27] Total 10900 files processed
[INFO]-[2020/06/24 05:23:27] Total 10900 files processed
[INFO]-[2020/06/24 05:23:28] Total 10950 files processed
[INFO]-[2020/06/24 05:23:28] Total 10950 files processed
[INFO]-[2020/06/24 05:23:29] Total 11000 files processed
[INFO]-[2020/06/24 05:23:29] Total 11000 files processed
[INFO]-[2020/06/24 05:23:30] Total 11050 files processed
[INFO]-[2020/06/24 05:23:30] Total 11050 files processed
[INFO]-[2020/06/24 05:23:30] Total 11100 files processed
[INFO]-[2020/06/24 05:23:30] Total 11100 files processed
[INFO]-[2020/06/24 05:23:30] Total 11150 files processed
[INFO]-[2020/06/24 05:23:30] Total 11150 files processed
[INFO]-[2020/06/24 05:23:31] Total 11200 files processed
[INFO]-[2020/06/24 05:23:31] Total 11200 files processed
[INFO]-[2020/06/24 05:23:32] Total 11250 files processed
[INFO]-[2020/06/24 05:23:32] Total 11250 files processed
[INFO]-[2020/06/24 05:23:32] Total 11300 files processed
[INFO]-[2020/06/24 05:23:32] Total 11300 files processed
[INFO]-[2020/06/24 05:23:33] Total 11350 files processed
[INFO]-[2020/06/24 05:23:33] Total 11350 files processed
[INFO]-[2020/06/24 05:23:34] Total 11400 files processed
[INFO]-[2020/06/24 05:23:34] Total 11400 files processed
[INFO]-[2020/06/24 05:23:34] Total 11450 files processed
[INFO]-[2020/06/24 05:23:34] Total 11450 files processed
[INFO]-[2020/06/24 05:23:35] Total 11500 files processed
[INFO]-[2020/06/24 05:23:35] Total 11500 files processed
[INFO]-[2020/06/24 05:23:36] Total 11550 files processed
[INFO]-[2020/06/24 05:23:36] Total 11550 files processed
[INFO]-[2020/06/24 05:23:37] Total 11600 files processed
[INFO]-[2020/06/24 05:23:37] Total 11600 files processed
[INFO]-[2020/06/24 05:23:38] Total 11650 files processed
[INFO]-[2020/06/24 05:23:38] Total 11650 files processed
[INFO]-[2020/06/24 05:23:39] Total 11700 files processed
[INFO]-[2020/06/24 05:23:39] Total 11700 files processed
[INFO]-[2020/06/24 05:23:39] Total 11750 files processed
[INFO]-[2020/06/24 05:23:39] Total 11750 files processed
[INFO]-[2020/06/24 05:23:40] Total 11800 files processed
[INFO]-[2020/06/24 05:23:40] Total 11800 files processed
[INFO]-[2020/06/24 05:23:41] Total 11850 files processed
[INFO]-[2020/06/24 05:23:41] Total 11850 files processed
[INFO]-[2020/06/24 05:23:42] Total 11900 files processed
[INFO]-[2020/06/24 05:23:42] Total 11900 files processed
[INFO]-[2020/06/24 05:23:42] Total 11950 files processed
[INFO]-[2020/06/24 05:23:42] Total 11950 files processed
[INFO]-[2020/06/24 05:23:43] Total 12000 files processed
[INFO]-[2020/06/24 05:23:43] Total 12000 files processed
[INFO]-[2020/06/24 05:23:44] Total 12050 files processed
[INFO]-[2020/06/24 05:23:44] Total 12050 files processed
[INFO]-[2020/06/24 05:23:45] Total 12100 files processed
[INFO]-[2020/06/24 05:23:45] Total 12100 files processed
[INFO]-[2020/06/24 05:23:46] Total 12150 files processed
[INFO]-[2020/06/24 05:23:46] Total 12150 files processed
[INFO]-[2020/06/24 05:23:47] Total 12200 files processed
[INFO]-[2020/06/24 05:23:47] Total 12200 files processed
[INFO]-[2020/06/24 05:23:47] Total 12250 files processed
[INFO]-[2020/06/24 05:23:47] Total 12250 files processed
[INFO]-[2020/06/24 05:23:48] Total 12300 files processed
[INFO]-[2020/06/24 05:23:48] Total 12300 files processed
[INFO]-[2020/06/24 05:23:49] Total 12350 files processed
[INFO]-[2020/06/24 05:23:49] Total 12350 files processed
[INFO]-[2020/06/24 05:23:50] Total 12400 files processed
[INFO]-[2020/06/24 05:23:50] Total 12400 files processed
[INFO]-[2020/06/24 05:23:50] Total 12450 files processed
[INFO]-[2020/06/24 05:23:50] Total 12450 files processed
[INFO]-[2020/06/24 05:23:51] Total 12500 files processed
[INFO]-[2020/06/24 05:23:51] Total 12500 files processed
[INFO]-[2020/06/24 05:23:52] Total 12550 files processed
[INFO]-[2020/06/24 05:23:52] Total 12550 files processed
[INFO]-[2020/06/24 05:23:53] Total 12600 files processed
[INFO]-[2020/06/24 05:23:53] Total 12600 files processed
[INFO]-[2020/06/24 05:23:54] Total 12650 files processed
[INFO]-[2020/06/24 05:23:54] Total 12650 files processed
[INFO]-[2020/06/24 05:23:54] Total 12700 files processed
[INFO]-[2020/06/24 05:23:54] Total 12700 files processed
[INFO]-[2020/06/24 05:23:55] Total 12750 files processed
[INFO]-[2020/06/24 05:23:55] Total 12750 files processed
[INFO]-[2020/06/24 05:23:55] Total 12800 files processed
[INFO]-[2020/06/24 05:23:55] Total 12800 files processed
[INFO]-[2020/06/24 05:23:56] Total 12850 files processed
[INFO]-[2020/06/24 05:23:56] Total 12850 files processed
[WARNING]-[2020/06/24 05:23:56] File doesn't exist /homepages/29/d819117486/htdocs/bapp/
[WARNING]-[2020/06/24 05:23:56] File doesn't exist /homepages/29/d819117486/htdocs/bapp/
[INFO]-[2020/06/24 05:23:57] Copying files finished
[INFO]-[2020/06/24 05:23:57] Copying files finished
[INFO]-[2020/06/24 05:23:57] Preparing Data Step0: Copy wp-config.php file
[INFO]-[2020/06/24 05:23:57] Preparing Data Step0: Copy wp-config.php file
[INFO]-[2020/06/24 05:23:58] Preparing Data Step1: Updating siteurl and homeurl in wpstg0_options 
[INFO]-[2020/06/24 05:23:58] Preparing Data Step1: Updating siteurl and homeurl to https://belhairs.fr/bapp/belhairs-staging
[INFO]-[2020/06/24 05:23:58] Preparing Data Step1: Updating siteurl and homeurl in wpstg0_options 
[INFO]-[2020/06/24 05:23:58] Preparing Data Step1: Updating siteurl and homeurl to https://belhairs.fr/bapp/belhairs-staging
[INFO]-[2020/06/24 05:23:58] Preparing Data Step2: Updating row wpstg_is_staging_site in wpstg0_options 
[INFO]-[2020/06/24 05:23:58] Preparing Data Step2: Successful
[INFO]-[2020/06/24 05:23:58] Preparing Data Step2: Updating row wpstg_is_staging_site in wpstg0_options 
[INFO]-[2020/06/24 05:23:58] Preparing Data Step2: Successful
[INFO]-[2020/06/24 05:23:58] Preparing Data Step3: Updating rewrite_rules in wpstg0_options 
[INFO]-[2020/06/24 05:23:58] Preparing Data Step3: Updating rewrite_rules in wpstg0_options 
[INFO]-[2020/06/24 05:23:59] Preparing Data Step4: Updating db prefix in wpstg0_usermeta. 
[INFO]-[2020/06/24 05:23:59] Preparing Data Step4: Updating db prefix in wpstg0_usermeta. 
[INFO]-[2020/06/24 05:23:59] Preparing Data Step5: Updating table_prefix in /homepages/29/d819117486/htdocs/bapp/belhairs-staging/wp-config.php to wpstg0_
[INFO]-[2020/06/24 05:23:59] Preparing Data Step5: Updating table_prefix in /homepages/29/d819117486/htdocs/bapp/belhairs-staging/wp-config.php to wpstg0_
[INFO]-[2020/06/24 05:24:00] Preparing Data Step6: WP installation is not in a subdirectory! Skipping this step
[INFO]-[2020/06/24 05:24:00] Preparing Data Step6: WP installation is not in a subdirectory! Skipping this step
[INFO]-[2020/06/24 05:24:00] Preparing Data Step7: Updating wpstg_rmpermalinks_executed in wpstg0_options 
[INFO]-[2020/06/24 05:24:00] Preparing Data Step7: Finished successfully
[INFO]-[2020/06/24 05:24:00] Preparing Data Step7: Updating wpstg_rmpermalinks_executed in wpstg0_options 
[INFO]-[2020/06/24 05:24:00] Preparing Data Step7: Finished successfully
[INFO]-[2020/06/24 05:24:00] Preparing Data Step8: Updating permalink_structure in wpstg0_options 
[INFO]-[2020/06/24 05:24:00] Preparing Data Step8: Finished successfully
[INFO]-[2020/06/24 05:24:00] Preparing Data Step8: Updating permalink_structure in wpstg0_options 
[INFO]-[2020/06/24 05:24:00] Preparing Data Step8: Finished successfully
[INFO]-[2020/06/24 05:24:01] Preparing Data Step9: Set staging site to noindex
[INFO]-[2020/06/24 05:24:01] Preparing Data Step9: Finished successfully
[INFO]-[2020/06/24 05:24:01] Preparing Data Step9: Set staging site to noindex
[INFO]-[2020/06/24 05:24:01] Preparing Data Step9: Finished successfully
[INFO]-[2020/06/24 05:24:01] Preparing Data Step10: Updating WP_HOME in wp-config.php to https://belhairs.fr/bapp/belhairs-staging
[INFO]-[2020/06/24 05:24:01] Preparing Data Step10: WP_HOME not defined in wp-config.php. Skipping this step.
[INFO]-[2020/06/24 05:24:01] Preparing Data Step10: Finished successfully
[INFO]-[2020/06/24 05:24:01] Preparing Data Step10: Updating WP_HOME in wp-config.php to https://belhairs.fr/bapp/belhairs-staging
[INFO]-[2020/06/24 05:24:01] Preparing Data Step10: WP_HOME not defined in wp-config.php. Skipping this step.
[INFO]-[2020/06/24 05:24:01] Preparing Data Step10: Finished successfully
[INFO]-[2020/06/24 05:24:02] Preparing Data Step11: Updating WP_SITEURL in wp-config.php to https://belhairs.fr/bapp/belhairs-staging
[INFO]-[2020/06/24 05:24:02] Preparing Data Step11: WP_SITEURL not defined in wp-config.php. Skipping this step.
[INFO]-[2020/06/24 05:24:02] Preparing Data Step11: Finished successfully
[INFO]-[2020/06/24 05:24:02] Preparing Data Step11: Updating WP_SITEURL in wp-config.php to https://belhairs.fr/bapp/belhairs-staging
[INFO]-[2020/06/24 05:24:02] Preparing Data Step11: WP_SITEURL not defined in wp-config.php. Skipping this step.
[INFO]-[2020/06/24 05:24:02] Preparing Data Step11: Finished successfully
[INFO]-[2020/06/24 05:24:02] Preparing Data Step12: Updating db prefix in wpstg0_options.
[INFO]-[2020/06/24 05:24:02] Preparing Data Step12: Skip (custom filtered):   AND option_name <> 'wp_mail_smtp' AND option_name <> 'wp_mail_smtp_version' AND option_name <> 'wp_mail_smtp_debug'
[INFO]-[2020/06/24 05:24:02] Preparing Data Step12: Finished successfully
[INFO]-[2020/06/24 05:24:02] Preparing Data Step12: Updating db prefix in wpstg0_options.
[INFO]-[2020/06/24 05:24:02] Preparing Data Step12: Skip (custom filtered):   AND option_name <> 'wp_mail_smtp' AND option_name <> 'wp_mail_smtp_version' AND option_name <> 'wp_mail_smtp_debug'
[INFO]-[2020/06/24 05:24:02] Preparing Data Step12: Finished successfully
[INFO]-[2020/06/24 05:24:03] Preparing Data Step13: Updating upload_path wpstg0_options.
[INFO]-[2020/06/24 05:24:03] Preparing Data Step13: Skipped
[INFO]-[2020/06/24 05:24:03] Preparing Data Step13: Updating upload_path wpstg0_options.
[INFO]-[2020/06/24 05:24:03] Preparing Data Step13: Skipped
[INFO]-[2020/06/24 05:24:03] Preparing Data Step14: Set WP_CACHE in wp-config.php to false
[INFO]-[2020/06/24 05:24:03] Preparing Data Step14: WP_CACHE not defined in wp-config.php. Skipping this step.
[INFO]-[2020/06/24 05:24:03] Preparing Data Step14: Finished successfully
[INFO]-[2020/06/24 05:24:03] Preparing Data Step14: Set WP_CACHE in wp-config.php to false
[INFO]-[2020/06/24 05:24:03] Preparing Data Step14: WP_CACHE not defined in wp-config.php. Skipping this step.
[INFO]-[2020/06/24 05:24:03] Preparing Data Step14: Finished successfully
[INFO]-[2020/06/24 05:24:04] Preparing Data Step15: Set WP_CONTENT_DIR in wp-config.php to false
[INFO]-[2020/06/24 05:24:04] Preparing Data Step15: WP_CONTENT_DIR not defined in wp-config.php. Skipping this step.
[INFO]-[2020/06/24 05:24:04] Preparing Data Step15: Finished successfully
[INFO]-[2020/06/24 05:24:04] Preparing Data Step15: Set WP_CONTENT_DIR in wp-config.php to false
[INFO]-[2020/06/24 05:24:04] Preparing Data Step15: WP_CONTENT_DIR not defined in wp-config.php. Skipping this step.
[INFO]-[2020/06/24 05:24:04] Preparing Data Step15: Finished successfully
[INFO]-[2020/06/24 05:24:04] Preparing Data Step16: Set WP_CONTENT_URL in wp-config.php to false
[INFO]-[2020/06/24 05:24:04] Preparing Data Step16: WP_CONTENT_URL not defined in wp-config.php. Skipping this step.
[INFO]-[2020/06/24 05:24:04] Preparing Data Step16: Finished successfully
[INFO]-[2020/06/24 05:24:04] Preparing Data Step16: Set WP_CONTENT_URL in wp-config.php to false
[INFO]-[2020/06/24 05:24:04] Preparing Data Step16: WP_CONTENT_URL not defined in wp-config.php. Skipping this step.
[INFO]-[2020/06/24 05:24:04] Preparing Data Step16: Finished successfully
[INFO]-[2020/06/24 05:24:04] Preparing Data Step17: Update UPLOADS constant in wp-config.php
[INFO]-[2020/06/24 05:24:04] Preparing Data Step17: UPLOADS not defined in wp-config.php. Creating new entry.
[INFO]-[2020/06/24 05:24:04] Preparing Data Step17: Finished successfully
[INFO]-[2020/06/24 05:24:04] Preparing Data Step17: Update UPLOADS constant in wp-config.php
[INFO]-[2020/06/24 05:24:04] Preparing Data Step17: UPLOADS not defined in wp-config.php. Creating new entry.
[INFO]-[2020/06/24 05:24:04] Preparing Data Step17: Finished successfully
[]-[] 
[]-[] 
[]-[] 
[]-[] 
[]-[] 
[]-[] 
[INFO]-[2020/06/24 05:24:06] Finish: Deleting clone job's cache files...
[INFO]-[2020/06/24 05:24:06] Finish: Clone job's cache files have been deleted!
[INFO]-[2020/06/24 05:24:06] Finish: Verifying existing clones...
[INFO]-[2020/06/24 05:24:06] Finish: The job finished!
[INFO]-[2020/06/24 05:24:06] Finish: Deleting clone job's cache files...
[INFO]-[2020/06/24 05:24:06] Finish: Clone job's cache files have been deleted!
[INFO]-[2020/06/24 05:24:06] Finish: Verifying existing clones...
[INFO]-[2020/06/24 05:24:06] Finish: The job finished!
